{"B:\\GitHubHW\\nodejs-homework-template\\app.js": {"path":"B:\\GitHubHW\\nodejs-homework-template\\app.js","statementMap":{"0":{"start":{"line":1,"column":16},"end":{"line":1,"column":34}},"1":{"start":{"line":2,"column":15},"end":{"line":2,"column":32}},"2":{"start":{"line":3,"column":13},"end":{"line":3,"column":28}},"3":{"start":{"line":4,"column":0},"end":{"line":4,"column":27}},"4":{"start":{"line":5,"column":23},"end":{"line":5,"column":64}},"5":{"start":{"line":6,"column":20},"end":{"line":6,"column":49}},"6":{"start":{"line":7,"column":12},"end":{"line":7,"column":21}},"7":{"start":{"line":8,"column":22},"end":{"line":8,"column":72}},"8":{"start":{"line":9,"column":15},"end":{"line":9,"column":32}},"9":{"start":{"line":10,"column":18},"end":{"line":10,"column":47}},"10":{"start":{"line":11,"column":23},"end":{"line":11,"column":54}},"11":{"start":{"line":12,"column":19},"end":{"line":12,"column":51}},"12":{"start":{"line":13,"column":20},"end":{"line":13,"column":43}},"13":{"start":{"line":14,"column":0},"end":{"line":14,"column":27}},"14":{"start":{"line":15,"column":13},"end":{"line":15,"column":28}},"15":{"start":{"line":16,"column":11},"end":{"line":16,"column":33}},"16":{"start":{"line":18,"column":0},"end":{"line":18,"column":18}},"17":{"start":{"line":19,"column":0},"end":{"line":19,"column":59}},"18":{"start":{"line":20,"column":0},"end":{"line":20,"column":31}},"19":{"start":{"line":21,"column":0},"end":{"line":21,"column":16}},"20":{"start":{"line":22,"column":0},"end":{"line":22,"column":40}},"21":{"start":{"line":23,"column":0},"end":{"line":23,"column":22}},"22":{"start":{"line":24,"column":0},"end":{"line":24,"column":39}},"23":{"start":{"line":25,"column":0},"end":{"line":25,"column":35}},"24":{"start":{"line":26,"column":0},"end":{"line":26,"column":41}},"25":{"start":{"line":30,"column":0},"end":{"line":32,"column":3}},"26":{"start":{"line":31,"column":2},"end":{"line":31,"column":80}},"27":{"start":{"line":34,"column":0},"end":{"line":37,"column":3}},"28":{"start":{"line":35,"column":17},"end":{"line":35,"column":34}},"29":{"start":{"line":36,"column":4},"end":{"line":36,"column":102}},"30":{"start":{"line":39,"column":0},"end":{"line":41,"column":3}},"31":{"start":{"line":40,"column":2},"end":{"line":40,"column":69}},"32":{"start":{"line":43,"column":0},"end":{"line":43,"column":21}}},"fnMap":{"0":{"name":"(anonymous_0)","decl":{"start":{"line":30,"column":8},"end":{"line":30,"column":9}},"loc":{"start":{"line":30,"column":22},"end":{"line":32,"column":1}},"line":30},"1":{"name":"(anonymous_1)","decl":{"start":{"line":34,"column":8},"end":{"line":34,"column":9}},"loc":{"start":{"line":34,"column":33},"end":{"line":37,"column":1}},"line":34},"2":{"name":"(anonymous_2)","decl":{"start":{"line":39,"column":33},"end":{"line":39,"column":34}},"loc":{"start":{"line":39,"column":54},"end":{"line":41,"column":1}},"line":39}},"branchMap":{"0":{"loc":{"start":{"line":8,"column":22},"end":{"line":8,"column":72}},"type":"cond-expr","locations":[{"start":{"line":8,"column":57},"end":{"line":8,"column":62}},{"start":{"line":8,"column":65},"end":{"line":8,"column":72}}],"line":8},"1":{"loc":{"start":{"line":35,"column":17},"end":{"line":35,"column":34}},"type":"binary-expr","locations":[{"start":{"line":35,"column":17},"end":{"line":35,"column":27}},{"start":{"line":35,"column":31},"end":{"line":35,"column":34}}],"line":35},"2":{"loc":{"start":{"line":36,"column":35},"end":{"line":36,"column":66}},"type":"cond-expr","locations":[{"start":{"line":36,"column":51},"end":{"line":36,"column":57}},{"start":{"line":36,"column":59},"end":{"line":36,"column":66}}],"line":36}},"s":{"0":1,"1":1,"2":1,"3":1,"4":1,"5":1,"6":1,"7":1,"8":1,"9":1,"10":1,"11":1,"12":1,"13":1,"14":1,"15":1,"16":1,"17":1,"18":1,"19":1,"20":1,"21":1,"22":1,"23":1,"24":1,"25":1,"26":0,"27":1,"28":0,"29":0,"30":1,"31":0,"32":1},"f":{"0":0,"1":0,"2":0},"b":{"0":[0,1],"1":[0,0],"2":[0,0]},"_coverageSchema":"1a1c01bbd47fc00a2c39e90264f33305004495a9","hash":"5bbfa29271ab76cffefd19b27f3b8e6a7c6dfc27"}
,"B:\\GitHubHW\\nodejs-homework-template\\bin\\server.js": {"path":"B:\\GitHubHW\\nodejs-homework-template\\bin\\server.js","statementMap":{"0":{"start":{"line":1,"column":17},"end":{"line":1,"column":36}},"1":{"start":{"line":2,"column":12},"end":{"line":2,"column":29}},"2":{"start":{"line":3,"column":12},"end":{"line":3,"column":16}},"3":{"start":{"line":4,"column":0},"end":{"line":8,"column":1}},"4":{"start":{"line":5,"column":4},"end":{"line":5,"column":36}},"5":{"start":{"line":7,"column":4},"end":{"line":7,"column":31}},"6":{"start":{"line":9,"column":0},"end":{"line":9,"column":27}},"7":{"start":{"line":10,"column":13},"end":{"line":10,"column":37}},"8":{"start":{"line":11,"column":16},"end":{"line":11,"column":35}},"9":{"start":{"line":12,"column":0},"end":{"line":12,"column":27}},"10":{"start":{"line":13,"column":31},"end":{"line":13,"column":65}},"11":{"start":{"line":15,"column":11},"end":{"line":21,"column":2}},"12":{"start":{"line":22,"column":4},"end":{"line":30,"column":2}},"13":{"start":{"line":23,"column":4},"end":{"line":26,"column":3}},"14":{"start":{"line":24,"column":8},"end":{"line":24,"column":46}},"15":{"start":{"line":25,"column":2},"end":{"line":25,"column":62}},"16":{"start":{"line":28,"column":2},"end":{"line":28,"column":37}},"17":{"start":{"line":32,"column":0},"end":{"line":34,"column":3}},"18":{"start":{"line":36,"column":0},"end":{"line":38,"column":3}},"19":{"start":{"line":40,"column":0},"end":{"line":42,"column":3}},"20":{"start":{"line":41,"column":4},"end":{"line":41,"column":45}},"21":{"start":{"line":45,"column":0},"end":{"line":51,"column":3}},"22":{"start":{"line":46,"column":4},"end":{"line":49,"column":5}},"23":{"start":{"line":47,"column":7},"end":{"line":47,"column":50}},"24":{"start":{"line":48,"column":7},"end":{"line":48,"column":23}},"25":{"start":{"line":53,"column":0},"end":{"line":53,"column":20}}},"fnMap":{"0":{"name":"(anonymous_0)","decl":{"start":{"line":22,"column":12},"end":{"line":22,"column":13}},"loc":{"start":{"line":22,"column":18},"end":{"line":27,"column":1}},"line":22},"1":{"name":"(anonymous_1)","decl":{"start":{"line":23,"column":21},"end":{"line":23,"column":22}},"loc":{"start":{"line":23,"column":33},"end":{"line":26,"column":1}},"line":23},"2":{"name":"(anonymous_2)","decl":{"start":{"line":27,"column":9},"end":{"line":27,"column":10}},"loc":{"start":{"line":27,"column":16},"end":{"line":30,"column":1}},"line":27},"3":{"name":"(anonymous_3)","decl":{"start":{"line":32,"column":36},"end":{"line":32,"column":37}},"loc":{"start":{"line":32,"column":42},"end":{"line":34,"column":1}},"line":32},"4":{"name":"(anonymous_4)","decl":{"start":{"line":36,"column":32},"end":{"line":36,"column":33}},"loc":{"start":{"line":36,"column":39},"end":{"line":38,"column":1}},"line":36},"5":{"name":"(anonymous_5)","decl":{"start":{"line":40,"column":39},"end":{"line":40,"column":40}},"loc":{"start":{"line":40,"column":46},"end":{"line":42,"column":1}},"line":40},"6":{"name":"(anonymous_6)","decl":{"start":{"line":45,"column":21},"end":{"line":45,"column":22}},"loc":{"start":{"line":45,"column":33},"end":{"line":51,"column":1}},"line":45},"7":{"name":"(anonymous_7)","decl":{"start":{"line":46,"column":30},"end":{"line":46,"column":31}},"loc":{"start":{"line":46,"column":36},"end":{"line":49,"column":4}},"line":46}},"branchMap":{"0":{"loc":{"start":{"line":4,"column":0},"end":{"line":8,"column":1}},"type":"if","locations":[{"start":{"line":4,"column":0},"end":{"line":8,"column":1}},{"start":{"line":4,"column":0},"end":{"line":8,"column":1}}],"line":4},"1":{"loc":{"start":{"line":10,"column":13},"end":{"line":10,"column":37}},"type":"binary-expr","locations":[{"start":{"line":10,"column":13},"end":{"line":10,"column":29}},{"start":{"line":10,"column":33},"end":{"line":10,"column":37}}],"line":10}},"s":{"0":1,"1":1,"2":1,"3":1,"4":1,"5":0,"6":1,"7":1,"8":1,"9":1,"10":1,"11":1,"12":1,"13":0,"14":0,"15":0,"16":1,"17":1,"18":1,"19":1,"20":0,"21":1,"22":0,"23":0,"24":0,"25":1},"f":{"0":0,"1":0,"2":1,"3":0,"4":0,"5":0,"6":0,"7":0},"b":{"0":[1,0],"1":[1,0]},"_coverageSchema":"1a1c01bbd47fc00a2c39e90264f33305004495a9","hash":"d92e9badc85fa04032a6c91016d78cf895a511be"}
,"B:\\GitHubHW\\nodejs-homework-template\\config\\passport.js": {"path":"B:\\GitHubHW\\nodejs-homework-template\\config\\passport.js","statementMap":{"0":{"start":{"line":1,"column":17},"end":{"line":1,"column":36}},"1":{"start":{"line":2,"column":46},"end":{"line":2,"column":69}},"2":{"start":{"line":3,"column":0},"end":{"line":3,"column":27}},"3":{"start":{"line":4,"column":16},"end":{"line":4,"column":35}},"4":{"start":{"line":5,"column":14},"end":{"line":5,"column":46}},"5":{"start":{"line":7,"column":13},"end":{"line":7,"column":15}},"6":{"start":{"line":8,"column":0},"end":{"line":8,"column":63}},"7":{"start":{"line":9,"column":0},"end":{"line":9,"column":27}},"8":{"start":{"line":11,"column":0},"end":{"line":26,"column":5}},"9":{"start":{"line":13,"column":4},"end":{"line":25,"column":5}},"10":{"start":{"line":14,"column":21},"end":{"line":14,"column":57}},"11":{"start":{"line":16,"column":8},"end":{"line":18,"column":9}},"12":{"start":{"line":17,"column":12},"end":{"line":17,"column":53}},"13":{"start":{"line":19,"column":8},"end":{"line":21,"column":9}},"14":{"start":{"line":20,"column":12},"end":{"line":20,"column":60}},"15":{"start":{"line":22,"column":8},"end":{"line":22,"column":31}},"16":{"start":{"line":24,"column":8},"end":{"line":24,"column":26}}},"fnMap":{"0":{"name":"(anonymous_0)","decl":{"start":{"line":11,"column":35},"end":{"line":11,"column":36}},"loc":{"start":{"line":11,"column":60},"end":{"line":26,"column":2}},"line":11}},"branchMap":{"0":{"loc":{"start":{"line":16,"column":8},"end":{"line":18,"column":9}},"type":"if","locations":[{"start":{"line":16,"column":8},"end":{"line":18,"column":9}},{"start":{"line":16,"column":8},"end":{"line":18,"column":9}}],"line":16},"1":{"loc":{"start":{"line":19,"column":8},"end":{"line":21,"column":9}},"type":"if","locations":[{"start":{"line":19,"column":8},"end":{"line":21,"column":9}},{"start":{"line":19,"column":8},"end":{"line":21,"column":9}}],"line":19}},"s":{"0":2,"1":2,"2":2,"3":2,"4":2,"5":2,"6":2,"7":2,"8":2,"9":0,"10":0,"11":0,"12":0,"13":0,"14":0,"15":0,"16":0},"f":{"0":0},"b":{"0":[0,0],"1":[0,0]},"_coverageSchema":"1a1c01bbd47fc00a2c39e90264f33305004495a9","hash":"54c703551bb297f3bfbd42788cc311a58b00948a"}
,"B:\\GitHubHW\\nodejs-homework-template\\helpers\\constatnts.js": {"path":"B:\\GitHubHW\\nodejs-homework-template\\helpers\\constatnts.js","statementMap":{"0":{"start":{"line":2,"column":21},"end":{"line":6,"column":1}},"1":{"start":{"line":8,"column":17},"end":{"line":19,"column":1}},"2":{"start":{"line":20,"column":20},"end":{"line":30,"column":1}},"3":{"start":{"line":24,"column":4},"end":{"line":28,"column":15}},"4":{"start":{"line":31,"column":0},"end":{"line":31,"column":54}}},"fnMap":{"0":{"name":"(anonymous_0)","decl":{"start":{"line":23,"column":11},"end":{"line":23,"column":12}},"loc":{"start":{"line":23,"column":31},"end":{"line":29,"column":6}},"line":23}},"branchMap":{},"s":{"0":2,"1":2,"2":2,"3":0,"4":2},"f":{"0":0},"b":{},"_coverageSchema":"1a1c01bbd47fc00a2c39e90264f33305004495a9","hash":"1e0235f6044e07de5c24e994c22ac79e43850778"}
,"B:\\GitHubHW\\nodejs-homework-template\\helpers\\createFolder.js": {"path":"B:\\GitHubHW\\nodejs-homework-template\\helpers\\createFolder.js","statementMap":{"0":{"start":{"line":1,"column":11},"end":{"line":1,"column":33}},"1":{"start":{"line":3,"column":21},"end":{"line":8,"column":1}},"2":{"start":{"line":4,"column":4},"end":{"line":7,"column":27}},"3":{"start":{"line":6,"column":20},"end":{"line":6,"column":24}},"4":{"start":{"line":7,"column":21},"end":{"line":7,"column":26}},"5":{"start":{"line":10,"column":31},"end":{"line":14,"column":1}},"6":{"start":{"line":11,"column":4},"end":{"line":13,"column":5}},"7":{"start":{"line":12,"column":8},"end":{"line":12,"column":30}},"8":{"start":{"line":16,"column":0},"end":{"line":16,"column":40}}},"fnMap":{"0":{"name":"(anonymous_0)","decl":{"start":{"line":3,"column":21},"end":{"line":3,"column":22}},"loc":{"start":{"line":3,"column":31},"end":{"line":8,"column":1}},"line":3},"1":{"name":"(anonymous_1)","decl":{"start":{"line":6,"column":14},"end":{"line":6,"column":15}},"loc":{"start":{"line":6,"column":20},"end":{"line":6,"column":24}},"line":6},"2":{"name":"(anonymous_2)","decl":{"start":{"line":7,"column":15},"end":{"line":7,"column":16}},"loc":{"start":{"line":7,"column":21},"end":{"line":7,"column":26}},"line":7},"3":{"name":"(anonymous_3)","decl":{"start":{"line":10,"column":31},"end":{"line":10,"column":32}},"loc":{"start":{"line":10,"column":49},"end":{"line":14,"column":1}},"line":10}},"branchMap":{"0":{"loc":{"start":{"line":11,"column":4},"end":{"line":13,"column":5}},"type":"if","locations":[{"start":{"line":11,"column":4},"end":{"line":13,"column":5}},{"start":{"line":11,"column":4},"end":{"line":13,"column":5}}],"line":11}},"s":{"0":1,"1":1,"2":0,"3":0,"4":0,"5":1,"6":0,"7":0,"8":1},"f":{"0":0,"1":0,"2":0,"3":0},"b":{"0":[0,0]},"_coverageSchema":"1a1c01bbd47fc00a2c39e90264f33305004495a9","hash":"522f541a3234f854742c51b450e880db4a73e1e2"}
,"B:\\GitHubHW\\nodejs-homework-template\\helpers\\guard.js": {"path":"B:\\GitHubHW\\nodejs-homework-template\\helpers\\guard.js","statementMap":{"0":{"start":{"line":1,"column":17},"end":{"line":1,"column":36}},"1":{"start":{"line":2,"column":0},"end":{"line":2,"column":30}},"2":{"start":{"line":3,"column":21},"end":{"line":3,"column":44}},"3":{"start":{"line":5,"column":14},"end":{"line":23,"column":1}},"4":{"start":{"line":6,"column":8},"end":{"line":22,"column":22}},"5":{"start":{"line":7,"column":27},"end":{"line":7,"column":51}},"6":{"start":{"line":8,"column":20},"end":{"line":8,"column":24}},"7":{"start":{"line":9,"column":8},"end":{"line":11,"column":9}},"8":{"start":{"line":10,"column":12},"end":{"line":10,"column":45}},"9":{"start":{"line":12,"column":8},"end":{"line":18,"column":9}},"10":{"start":{"line":13,"column":12},"end":{"line":17,"column":15}},"11":{"start":{"line":19,"column":12},"end":{"line":19,"column":35}},"12":{"start":{"line":20,"column":8},"end":{"line":20,"column":22}},"13":{"start":{"line":25,"column":0},"end":{"line":25,"column":23}}},"fnMap":{"0":{"name":"(anonymous_0)","decl":{"start":{"line":5,"column":14},"end":{"line":5,"column":15}},"loc":{"start":{"line":5,"column":34},"end":{"line":23,"column":1}},"line":5},"1":{"name":"(anonymous_1)","decl":{"start":{"line":6,"column":57},"end":{"line":6,"column":58}},"loc":{"start":{"line":6,"column":72},"end":{"line":22,"column":5}},"line":6}},"branchMap":{"0":{"loc":{"start":{"line":9,"column":8},"end":{"line":11,"column":9}},"type":"if","locations":[{"start":{"line":9,"column":8},"end":{"line":11,"column":9}},{"start":{"line":9,"column":8},"end":{"line":11,"column":9}}],"line":9},"1":{"loc":{"start":{"line":12,"column":8},"end":{"line":18,"column":9}},"type":"if","locations":[{"start":{"line":12,"column":8},"end":{"line":18,"column":9}},{"start":{"line":12,"column":8},"end":{"line":18,"column":9}}],"line":12},"2":{"loc":{"start":{"line":12,"column":12},"end":{"line":12,"column":49}},"type":"binary-expr","locations":[{"start":{"line":12,"column":12},"end":{"line":12,"column":15}},{"start":{"line":12,"column":19},"end":{"line":12,"column":24}},{"start":{"line":12,"column":28},"end":{"line":12,"column":49}}],"line":12}},"s":{"0":2,"1":2,"2":2,"3":2,"4":4,"5":4,"6":4,"7":4,"8":4,"9":4,"10":3,"11":1,"12":1,"13":2},"f":{"0":4,"1":4},"b":{"0":[4,0],"1":[3,1],"2":[4,3,3]},"_coverageSchema":"1a1c01bbd47fc00a2c39e90264f33305004495a9","hash":"9bc188aa81ef74062bd89fe4d1f2371edfbc6ad2"}
,"B:\\GitHubHW\\nodejs-homework-template\\helpers\\uploadsMiddleware.js": {"path":"B:\\GitHubHW\\nodejs-homework-template\\helpers\\uploadsMiddleware.js","statementMap":{"0":{"start":{"line":1,"column":15},"end":{"line":1,"column":32}},"1":{"start":{"line":3,"column":0},"end":{"line":3,"column":27}},"2":{"start":{"line":4,"column":16},"end":{"line":4,"column":35}},"3":{"start":{"line":5,"column":21},"end":{"line":5,"column":44}},"4":{"start":{"line":7,"column":16},"end":{"line":14,"column":2}},"5":{"start":{"line":9,"column":4},"end":{"line":9,"column":20}},"6":{"start":{"line":12,"column":4},"end":{"line":12,"column":61}},"7":{"start":{"line":16,"column":15},"end":{"line":28,"column":2}},"8":{"start":{"line":20,"column":8},"end":{"line":23,"column":9}},"9":{"start":{"line":21,"column":12},"end":{"line":21,"column":26}},"10":{"start":{"line":22,"column":12},"end":{"line":22,"column":18}},"11":{"start":{"line":24,"column":22},"end":{"line":24,"column":61}},"12":{"start":{"line":25,"column":8},"end":{"line":25,"column":44}},"13":{"start":{"line":26,"column":8},"end":{"line":26,"column":18}},"14":{"start":{"line":30,"column":0},"end":{"line":30,"column":24}}},"fnMap":{"0":{"name":"(anonymous_0)","decl":{"start":{"line":8,"column":18},"end":{"line":8,"column":19}},"loc":{"start":{"line":8,"column":43},"end":{"line":10,"column":3}},"line":8},"1":{"name":"(anonymous_1)","decl":{"start":{"line":11,"column":14},"end":{"line":11,"column":15}},"loc":{"start":{"line":11,"column":39},"end":{"line":13,"column":3}},"line":11},"2":{"name":"(anonymous_2)","decl":{"start":{"line":19,"column":16},"end":{"line":19,"column":17}},"loc":{"start":{"line":19,"column":35},"end":{"line":27,"column":5}},"line":19}},"branchMap":{"0":{"loc":{"start":{"line":20,"column":8},"end":{"line":23,"column":9}},"type":"if","locations":[{"start":{"line":20,"column":8},"end":{"line":23,"column":9}},{"start":{"line":20,"column":8},"end":{"line":23,"column":9}}],"line":20}},"s":{"0":1,"1":1,"2":1,"3":1,"4":1,"5":0,"6":0,"7":1,"8":0,"9":0,"10":0,"11":0,"12":0,"13":0,"14":1},"f":{"0":0,"1":0,"2":0},"b":{"0":[0,0]},"_coverageSchema":"1a1c01bbd47fc00a2c39e90264f33305004495a9","hash":"a053da1086a9e1a39c22a67ac65c8bc4e1571aba"}
,"B:\\GitHubHW\\nodejs-homework-template\\model\\schema.js": {"path":"B:\\GitHubHW\\nodejs-homework-template\\model\\schema.js","statementMap":{"0":{"start":{"line":1,"column":17},"end":{"line":1,"column":36}},"1":{"start":{"line":2,"column":26},"end":{"line":2,"column":34}},"2":{"start":{"line":3,"column":25},"end":{"line":3,"column":56}},"3":{"start":{"line":5,"column":22},"end":{"line":25,"column":43}},"4":{"start":{"line":27,"column":0},"end":{"line":27,"column":39}},"5":{"start":{"line":29,"column":16},"end":{"line":29,"column":47}},"6":{"start":{"line":31,"column":0},"end":{"line":31,"column":25}}},"fnMap":{},"branchMap":{},"s":{"0":1,"1":1,"2":1,"3":1,"4":1,"5":1,"6":1},"f":{},"b":{},"_coverageSchema":"1a1c01bbd47fc00a2c39e90264f33305004495a9","hash":"fb5291044fbdbec405ed3d6859cc8e6517ea3de7"}
,"B:\\GitHubHW\\nodejs-homework-template\\model\\userSchema.js": {"path":"B:\\GitHubHW\\nodejs-homework-template\\model\\userSchema.js","statementMap":{"0":{"start":{"line":1,"column":26},"end":{"line":1,"column":45}},"1":{"start":{"line":2,"column":25},"end":{"line":2,"column":57}},"2":{"start":{"line":3,"column":17},"end":{"line":3,"column":36}},"3":{"start":{"line":4,"column":15},"end":{"line":4,"column":34}},"4":{"start":{"line":5,"column":13},"end":{"line":5,"column":14}},"5":{"start":{"line":7,"column":19},"end":{"line":39,"column":43}},"6":{"start":{"line":31,"column":6},"end":{"line":31,"column":54}},"7":{"start":{"line":41,"column":0},"end":{"line":43,"column":1}},"8":{"start":{"line":42,"column":4},"end":{"line":42,"column":57}},"9":{"start":{"line":45,"column":0},"end":{"line":51,"column":2}},"10":{"start":{"line":46,"column":4},"end":{"line":49,"column":5}},"11":{"start":{"line":47,"column":21},"end":{"line":47,"column":47}},"12":{"start":{"line":48,"column":8},"end":{"line":48,"column":62}},"13":{"start":{"line":50,"column":4},"end":{"line":50,"column":11}},"14":{"start":{"line":53,"column":13},"end":{"line":53,"column":38}},"15":{"start":{"line":55,"column":0},"end":{"line":55,"column":22}}},"fnMap":{"0":{"name":"(anonymous_0)","decl":{"start":{"line":30,"column":12},"end":{"line":30,"column":13}},"loc":{"start":{"line":30,"column":24},"end":{"line":32,"column":5}},"line":30},"1":{"name":"(anonymous_1)","decl":{"start":{"line":41,"column":37},"end":{"line":41,"column":38}},"loc":{"start":{"line":41,"column":63},"end":{"line":43,"column":1}},"line":41},"2":{"name":"(anonymous_2)","decl":{"start":{"line":45,"column":23},"end":{"line":45,"column":24}},"loc":{"start":{"line":45,"column":45},"end":{"line":51,"column":1}},"line":45}},"branchMap":{"0":{"loc":{"start":{"line":46,"column":4},"end":{"line":49,"column":5}},"type":"if","locations":[{"start":{"line":46,"column":4},"end":{"line":49,"column":5}},{"start":{"line":46,"column":4},"end":{"line":49,"column":5}}],"line":46}},"s":{"0":2,"1":2,"2":2,"3":2,"4":2,"5":2,"6":0,"7":2,"8":0,"9":2,"10":0,"11":0,"12":0,"13":0,"14":2,"15":2},"f":{"0":0,"1":0,"2":0},"b":{"0":[0,0]},"_coverageSchema":"1a1c01bbd47fc00a2c39e90264f33305004495a9","hash":"2b45c69c1554088c6a6b349aa86f2952ea787b99"}
,"B:\\GitHubHW\\nodejs-homework-template\\repositories\\index.js": {"path":"B:\\GitHubHW\\nodejs-homework-template\\repositories\\index.js","statementMap":{"0":{"start":{"line":1,"column":16},"end":{"line":1,"column":42}},"1":{"start":{"line":3,"column":21},"end":{"line":27,"column":1}},"2":{"start":{"line":4,"column":2},"end":{"line":26,"column":3}},"3":{"start":{"line":6,"column":77},"end":{"line":6,"column":82}},"4":{"start":{"line":7,"column":25},"end":{"line":7,"column":42}},"5":{"start":{"line":8,"column":4},"end":{"line":10,"column":5}},"6":{"start":{"line":9,"column":6},"end":{"line":9,"column":39}},"7":{"start":{"line":11,"column":23},"end":{"line":22,"column":6}},"8":{"start":{"line":23,"column":4},"end":{"line":23,"column":22}},"9":{"start":{"line":25,"column":4},"end":{"line":25,"column":31}},"10":{"start":{"line":29,"column":23},"end":{"line":35,"column":1}},"11":{"start":{"line":30,"column":2},"end":{"line":34,"column":3}},"12":{"start":{"line":31,"column":4},"end":{"line":31,"column":94}},"13":{"start":{"line":33,"column":4},"end":{"line":33,"column":31}},"14":{"start":{"line":37,"column":22},"end":{"line":43,"column":1}},"15":{"start":{"line":38,"column":2},"end":{"line":42,"column":3}},"16":{"start":{"line":39,"column":4},"end":{"line":39,"column":75}},"17":{"start":{"line":41,"column":4},"end":{"line":41,"column":31}},"18":{"start":{"line":45,"column":19},"end":{"line":51,"column":2}},"19":{"start":{"line":46,"column":2},"end":{"line":50,"column":3}},"20":{"start":{"line":47,"column":4},"end":{"line":47,"column":61}},"21":{"start":{"line":49,"column":4},"end":{"line":49,"column":31}},"22":{"start":{"line":53,"column":22},"end":{"line":63,"column":1}},"23":{"start":{"line":54,"column":0},"end":{"line":61,"column":1}},"24":{"start":{"line":55,"column":4},"end":{"line":58,"column":15}},"25":{"start":{"line":60,"column":2},"end":{"line":60,"column":29}},"26":{"start":{"line":64,"column":28},"end":{"line":74,"column":3}},"27":{"start":{"line":65,"column":2},"end":{"line":73,"column":1}},"28":{"start":{"line":66,"column":21},"end":{"line":66,"column":25}},"29":{"start":{"line":67,"column":4},"end":{"line":70,"column":15}},"30":{"start":{"line":72,"column":2},"end":{"line":72,"column":29}},"31":{"start":{"line":76,"column":26},"end":{"line":82,"column":1}},"32":{"start":{"line":77,"column":2},"end":{"line":81,"column":3}},"33":{"start":{"line":78,"column":4},"end":{"line":78,"column":88}},"34":{"start":{"line":80,"column":4},"end":{"line":80,"column":31}},"35":{"start":{"line":84,"column":0},"end":{"line":92,"column":1}}},"fnMap":{"0":{"name":"(anonymous_0)","decl":{"start":{"line":3,"column":21},"end":{"line":3,"column":22}},"loc":{"start":{"line":3,"column":46},"end":{"line":27,"column":1}},"line":3},"1":{"name":"(anonymous_1)","decl":{"start":{"line":29,"column":23},"end":{"line":29,"column":24}},"loc":{"start":{"line":29,"column":51},"end":{"line":35,"column":1}},"line":29},"2":{"name":"(anonymous_2)","decl":{"start":{"line":37,"column":22},"end":{"line":37,"column":23}},"loc":{"start":{"line":37,"column":51},"end":{"line":43,"column":1}},"line":37},"3":{"name":"(anonymous_3)","decl":{"start":{"line":45,"column":19},"end":{"line":45,"column":20}},"loc":{"start":{"line":45,"column":46},"end":{"line":51,"column":2}},"line":45},"4":{"name":"(anonymous_4)","decl":{"start":{"line":53,"column":22},"end":{"line":53,"column":23}},"loc":{"start":{"line":53,"column":56},"end":{"line":63,"column":1}},"line":53},"5":{"name":"(anonymous_5)","decl":{"start":{"line":64,"column":28},"end":{"line":64,"column":29}},"loc":{"start":{"line":64,"column":63},"end":{"line":74,"column":3}},"line":64},"6":{"name":"(anonymous_6)","decl":{"start":{"line":76,"column":26},"end":{"line":76,"column":27}},"loc":{"start":{"line":76,"column":44},"end":{"line":82,"column":1}},"line":76}},"branchMap":{"0":{"loc":{"start":{"line":6,"column":38},"end":{"line":6,"column":53}},"type":"default-arg","locations":[{"start":{"line":6,"column":49},"end":{"line":6,"column":53}}],"line":6},"1":{"loc":{"start":{"line":6,"column":55},"end":{"line":6,"column":62}},"type":"default-arg","locations":[{"start":{"line":6,"column":61},"end":{"line":6,"column":62}}],"line":6},"2":{"loc":{"start":{"line":6,"column":64},"end":{"line":6,"column":72}},"type":"default-arg","locations":[{"start":{"line":6,"column":71},"end":{"line":6,"column":72}}],"line":6},"3":{"loc":{"start":{"line":8,"column":4},"end":{"line":10,"column":5}},"type":"if","locations":[{"start":{"line":8,"column":4},"end":{"line":10,"column":5}},{"start":{"line":8,"column":4},"end":{"line":10,"column":5}}],"line":8},"4":{"loc":{"start":{"line":16,"column":12},"end":{"line":16,"column":46}},"type":"cond-expr","locations":[{"start":{"line":16,"column":21},"end":{"line":16,"column":41}},{"start":{"line":16,"column":44},"end":{"line":16,"column":46}}],"line":16},"5":{"loc":{"start":{"line":17,"column":13},"end":{"line":17,"column":56}},"type":"cond-expr","locations":[{"start":{"line":17,"column":26},"end":{"line":17,"column":51}},{"start":{"line":17,"column":54},"end":{"line":17,"column":56}}],"line":17},"6":{"loc":{"start":{"line":20,"column":14},"end":{"line":20,"column":55}},"type":"cond-expr","locations":[{"start":{"line":20,"column":23},"end":{"line":20,"column":50}},{"start":{"line":20,"column":53},"end":{"line":20,"column":55}}],"line":20}},"s":{"0":1,"1":1,"2":0,"3":0,"4":0,"5":0,"6":0,"7":0,"8":0,"9":0,"10":1,"11":0,"12":0,"13":0,"14":1,"15":0,"16":0,"17":0,"18":1,"19":0,"20":0,"21":0,"22":1,"23":0,"24":0,"25":0,"26":1,"27":0,"28":0,"29":0,"30":0,"31":1,"32":0,"33":0,"34":0,"35":1},"f":{"0":0,"1":0,"2":0,"3":0,"4":0,"5":0,"6":0},"b":{"0":[0],"1":[0],"2":[0],"3":[0,0],"4":[0,0],"5":[0,0],"6":[0,0]},"_coverageSchema":"1a1c01bbd47fc00a2c39e90264f33305004495a9","hash":"7c8a663ea1df83c658d6b84e971617a1b56d2655"}
,"B:\\GitHubHW\\nodejs-homework-template\\repositories\\users.js": {"path":"B:\\GitHubHW\\nodejs-homework-template\\repositories\\users.js","statementMap":{"0":{"start":{"line":1,"column":13},"end":{"line":1,"column":43}},"1":{"start":{"line":3,"column":21},"end":{"line":9,"column":1}},"2":{"start":{"line":4,"column":2},"end":{"line":8,"column":3}},"3":{"start":{"line":5,"column":4},"end":{"line":5,"column":35}},"4":{"start":{"line":7,"column":4},"end":{"line":7,"column":31}},"5":{"start":{"line":11,"column":24},"end":{"line":18,"column":1}},"6":{"start":{"line":13,"column":2},"end":{"line":17,"column":3}},"7":{"start":{"line":14,"column":4},"end":{"line":14,"column":39}},"8":{"start":{"line":16,"column":4},"end":{"line":16,"column":31}},"9":{"start":{"line":20,"column":19},"end":{"line":28,"column":1}},"10":{"start":{"line":22,"column":2},"end":{"line":27,"column":3}},"11":{"start":{"line":23,"column":19},"end":{"line":23,"column":33}},"12":{"start":{"line":24,"column":6},"end":{"line":24,"column":31}},"13":{"start":{"line":26,"column":4},"end":{"line":26,"column":31}},"14":{"start":{"line":30,"column":20},"end":{"line":36,"column":1}},"15":{"start":{"line":31,"column":2},"end":{"line":35,"column":3}},"16":{"start":{"line":32,"column":6},"end":{"line":32,"column":55}},"17":{"start":{"line":34,"column":4},"end":{"line":34,"column":31}},"18":{"start":{"line":38,"column":24},"end":{"line":44,"column":1}},"19":{"start":{"line":39,"column":2},"end":{"line":43,"column":3}},"20":{"start":{"line":40,"column":4},"end":{"line":40,"column":39}},"21":{"start":{"line":42,"column":4},"end":{"line":42,"column":31}},"22":{"start":{"line":46,"column":27},"end":{"line":57,"column":1}},"23":{"start":{"line":48,"column":0},"end":{"line":55,"column":1}},"24":{"start":{"line":49,"column":4},"end":{"line":52,"column":15}},"25":{"start":{"line":54,"column":2},"end":{"line":54,"column":29}},"26":{"start":{"line":59,"column":21},"end":{"line":65,"column":1}},"27":{"start":{"line":60,"column":2},"end":{"line":64,"column":3}},"28":{"start":{"line":61,"column":6},"end":{"line":61,"column":74}},"29":{"start":{"line":63,"column":4},"end":{"line":63,"column":31}},"30":{"start":{"line":67,"column":0},"end":{"line":75,"column":6}}},"fnMap":{"0":{"name":"(anonymous_0)","decl":{"start":{"line":3,"column":21},"end":{"line":3,"column":22}},"loc":{"start":{"line":3,"column":35},"end":{"line":9,"column":1}},"line":3},"1":{"name":"(anonymous_1)","decl":{"start":{"line":11,"column":24},"end":{"line":11,"column":25}},"loc":{"start":{"line":11,"column":41},"end":{"line":18,"column":1}},"line":11},"2":{"name":"(anonymous_2)","decl":{"start":{"line":20,"column":19},"end":{"line":20,"column":20}},"loc":{"start":{"line":20,"column":35},"end":{"line":28,"column":1}},"line":20},"3":{"name":"(anonymous_3)","decl":{"start":{"line":30,"column":20},"end":{"line":30,"column":21}},"loc":{"start":{"line":30,"column":41},"end":{"line":36,"column":1}},"line":30},"4":{"name":"(anonymous_4)","decl":{"start":{"line":38,"column":24},"end":{"line":38,"column":25}},"loc":{"start":{"line":38,"column":41},"end":{"line":44,"column":1}},"line":38},"5":{"name":"(anonymous_5)","decl":{"start":{"line":46,"column":27},"end":{"line":46,"column":28}},"loc":{"start":{"line":46,"column":51},"end":{"line":57,"column":1}},"line":46},"6":{"name":"(anonymous_6)","decl":{"start":{"line":59,"column":21},"end":{"line":59,"column":22}},"loc":{"start":{"line":59,"column":68},"end":{"line":65,"column":1}},"line":59}},"branchMap":{"0":{"loc":{"start":{"line":59,"column":43},"end":{"line":59,"column":63}},"type":"default-arg","locations":[{"start":{"line":59,"column":59},"end":{"line":59,"column":63}}],"line":59}},"s":{"0":2,"1":2,"2":0,"3":0,"4":0,"5":2,"6":0,"7":0,"8":0,"9":2,"10":0,"11":0,"12":0,"13":0,"14":2,"15":0,"16":0,"17":0,"18":2,"19":0,"20":0,"21":0,"22":2,"23":0,"24":0,"25":0,"26":2,"27":0,"28":0,"29":0,"30":2},"f":{"0":0,"1":0,"2":0,"3":0,"4":0,"5":0,"6":0},"b":{"0":[0]},"_coverageSchema":"1a1c01bbd47fc00a2c39e90264f33305004495a9","hash":"8b8df44d7b2d935838536308a4725f7ef05a0fb3"}
,"B:\\GitHubHW\\nodejs-homework-template\\routes\\api\\contacts\\contacts.js": {"path":"B:\\GitHubHW\\nodejs-homework-template\\routes\\api\\contacts\\contacts.js","statementMap":{"0":{"start":{"line":1,"column":16},"end":{"line":1,"column":34}},"1":{"start":{"line":2,"column":15},"end":{"line":2,"column":31}},"2":{"start":{"line":3,"column":22},"end":{"line":3,"column":67}},"3":{"start":{"line":4,"column":51},"end":{"line":4,"column":89}},"4":{"start":{"line":5,"column":19},"end":{"line":5,"column":57}},"5":{"start":{"line":6,"column":14},"end":{"line":6,"column":47}},"6":{"start":{"line":8,"column":0},"end":{"line":8,"column":51}},"7":{"start":{"line":9,"column":0},"end":{"line":9,"column":65}},"8":{"start":{"line":10,"column":0},"end":{"line":10,"column":57}},"9":{"start":{"line":11,"column":0},"end":{"line":11,"column":76}},"10":{"start":{"line":12,"column":0},"end":{"line":12,"column":62}},"11":{"start":{"line":13,"column":0},"end":{"line":13,"column":89}},"12":{"start":{"line":14,"column":0},"end":{"line":14,"column":118}},"13":{"start":{"line":16,"column":0},"end":{"line":16,"column":24}}},"fnMap":{},"branchMap":{},"s":{"0":1,"1":1,"2":1,"3":1,"4":1,"5":1,"6":1,"7":1,"8":1,"9":1,"10":1,"11":1,"12":1,"13":1},"f":{},"b":{},"_coverageSchema":"1a1c01bbd47fc00a2c39e90264f33305004495a9","hash":"a43f928e10e240b73c6a88ba44ea8eba84fbff49"}
,"B:\\GitHubHW\\nodejs-homework-template\\routes\\api\\users\\index.js": {"path":"B:\\GitHubHW\\nodejs-homework-template\\routes\\api\\users\\index.js","statementMap":{"0":{"start":{"line":1,"column":16},"end":{"line":1,"column":34}},"1":{"start":{"line":2,"column":15},"end":{"line":2,"column":31}},"2":{"start":{"line":3,"column":20},"end":{"line":3,"column":61}},"3":{"start":{"line":4,"column":22},"end":{"line":4,"column":56}},"4":{"start":{"line":5,"column":19},"end":{"line":5,"column":57}},"5":{"start":{"line":6,"column":14},"end":{"line":6,"column":47}},"6":{"start":{"line":7,"column":15},"end":{"line":7,"column":60}},"7":{"start":{"line":9,"column":0},"end":{"line":9,"column":70}},"8":{"start":{"line":10,"column":0},"end":{"line":10,"column":68}},"9":{"start":{"line":11,"column":0},"end":{"line":11,"column":49}},"10":{"start":{"line":12,"column":0},"end":{"line":12,"column":54}},"11":{"start":{"line":13,"column":0},"end":{"line":13,"column":60}},"12":{"start":{"line":14,"column":0},"end":{"line":14,"column":77}},"13":{"start":{"line":16,"column":0},"end":{"line":16,"column":24}}},"fnMap":{},"branchMap":{},"s":{"0":1,"1":1,"2":1,"3":1,"4":1,"5":1,"6":1,"7":1,"8":1,"9":1,"10":1,"11":1,"12":1,"13":1},"f":{},"b":{},"_coverageSchema":"1a1c01bbd47fc00a2c39e90264f33305004495a9","hash":"99ea641ad9e89b8887518f471dd69ae38980f2db"}
,"B:\\GitHubHW\\nodejs-homework-template\\routes\\controllers\\contactsControll.js": {"path":"B:\\GitHubHW\\nodejs-homework-template\\routes\\controllers\\contactsControll.js","statementMap":{"0":{"start":{"line":1,"column":17},"end":{"line":1,"column":52}},"1":{"start":{"line":3,"column":22},"end":{"line":14,"column":1}},"2":{"start":{"line":4,"column":4},"end":{"line":13,"column":3}},"3":{"start":{"line":5,"column":23},"end":{"line":5,"column":41}},"4":{"start":{"line":6,"column":17},"end":{"line":6,"column":60}},"5":{"start":{"line":7,"column":8},"end":{"line":9,"column":5}},"6":{"start":{"line":8,"column":9},"end":{"line":8,"column":80}},"7":{"start":{"line":10,"column":4},"end":{"line":10,"column":87}},"8":{"start":{"line":12,"column":4},"end":{"line":12,"column":15}},"9":{"start":{"line":16,"column":24},"end":{"line":28,"column":1}},"10":{"start":{"line":17,"column":4},"end":{"line":27,"column":5}},"11":{"start":{"line":18,"column":23},"end":{"line":18,"column":41}},"12":{"start":{"line":19,"column":38},"end":{"line":19,"column":84}},"13":{"start":{"line":20,"column":8},"end":{"line":22,"column":9}},"14":{"start":{"line":21,"column":11},"end":{"line":21,"column":89}},"15":{"start":{"line":23,"column":8},"end":{"line":23,"column":91}},"16":{"start":{"line":26,"column":8},"end":{"line":26,"column":20}},"17":{"start":{"line":30,"column":29},"end":{"line":44,"column":1}},"18":{"start":{"line":32,"column":4},"end":{"line":43,"column":5}},"19":{"start":{"line":33,"column":23},"end":{"line":33,"column":41}},"20":{"start":{"line":34,"column":38},"end":{"line":34,"column":78}},"21":{"start":{"line":35,"column":8},"end":{"line":37,"column":9}},"22":{"start":{"line":36,"column":11},"end":{"line":36,"column":89}},"23":{"start":{"line":38,"column":8},"end":{"line":38,"column":90}},"24":{"start":{"line":42,"column":8},"end":{"line":42,"column":20}},"25":{"start":{"line":46,"column":31},"end":{"line":64,"column":1}},"26":{"start":{"line":48,"column":4},"end":{"line":63,"column":5}},"27":{"start":{"line":49,"column":23},"end":{"line":49,"column":41}},"28":{"start":{"line":50,"column":21},"end":{"line":50,"column":95}},"29":{"start":{"line":52,"column":8},"end":{"line":58,"column":9}},"30":{"start":{"line":53,"column":12},"end":{"line":55,"column":13}},"31":{"start":{"line":54,"column":16},"end":{"line":54,"column":54}},"32":{"start":{"line":57,"column":12},"end":{"line":57,"column":80}},"33":{"start":{"line":59,"column":8},"end":{"line":59,"column":90}},"34":{"start":{"line":62,"column":8},"end":{"line":62,"column":20}},"35":{"start":{"line":67,"column":20},"end":{"line":80,"column":1}},"36":{"start":{"line":69,"column":4},"end":{"line":79,"column":5}},"37":{"start":{"line":70,"column":23},"end":{"line":70,"column":41}},"38":{"start":{"line":71,"column":21},"end":{"line":71,"column":80}},"39":{"start":{"line":72,"column":4},"end":{"line":74,"column":9}},"40":{"start":{"line":73,"column":12},"end":{"line":73,"column":82}},"41":{"start":{"line":75,"column":8},"end":{"line":75,"column":90}},"42":{"start":{"line":78,"column":8},"end":{"line":78,"column":19}},"43":{"start":{"line":81,"column":22},"end":{"line":93,"column":1}},"44":{"start":{"line":82,"column":8},"end":{"line":92,"column":5}},"45":{"start":{"line":83,"column":24},"end":{"line":83,"column":42}},"46":{"start":{"line":84,"column":25},"end":{"line":84,"column":83}},"47":{"start":{"line":85,"column":8},"end":{"line":87,"column":9}},"48":{"start":{"line":86,"column":12},"end":{"line":86,"column":82}},"49":{"start":{"line":88,"column":8},"end":{"line":88,"column":90}},"50":{"start":{"line":91,"column":8},"end":{"line":91,"column":19}},"51":{"start":{"line":95,"column":25},"end":{"line":108,"column":1}},"52":{"start":{"line":97,"column":4},"end":{"line":107,"column":5}},"53":{"start":{"line":98,"column":24},"end":{"line":98,"column":42}},"54":{"start":{"line":99,"column":21},"end":{"line":99,"column":89}},"55":{"start":{"line":100,"column":8},"end":{"line":102,"column":9}},"56":{"start":{"line":101,"column":12},"end":{"line":101,"column":82}},"57":{"start":{"line":103,"column":8},"end":{"line":103,"column":90}},"58":{"start":{"line":106,"column":8},"end":{"line":106,"column":19}},"59":{"start":{"line":110,"column":4},"end":{"line":119,"column":6}}},"fnMap":{"0":{"name":"(anonymous_0)","decl":{"start":{"line":3,"column":22},"end":{"line":3,"column":23}},"loc":{"start":{"line":3,"column":48},"end":{"line":14,"column":1}},"line":3},"1":{"name":"(anonymous_1)","decl":{"start":{"line":16,"column":24},"end":{"line":16,"column":25}},"loc":{"start":{"line":16,"column":50},"end":{"line":28,"column":1}},"line":16},"2":{"name":"(anonymous_2)","decl":{"start":{"line":30,"column":29},"end":{"line":30,"column":30}},"loc":{"start":{"line":30,"column":55},"end":{"line":44,"column":1}},"line":30},"3":{"name":"(anonymous_3)","decl":{"start":{"line":46,"column":31},"end":{"line":46,"column":32}},"loc":{"start":{"line":46,"column":57},"end":{"line":64,"column":1}},"line":46},"4":{"name":"(anonymous_4)","decl":{"start":{"line":67,"column":20},"end":{"line":67,"column":21}},"loc":{"start":{"line":67,"column":46},"end":{"line":80,"column":1}},"line":67},"5":{"name":"(anonymous_5)","decl":{"start":{"line":81,"column":22},"end":{"line":81,"column":23}},"loc":{"start":{"line":81,"column":48},"end":{"line":93,"column":1}},"line":81},"6":{"name":"(anonymous_6)","decl":{"start":{"line":95,"column":25},"end":{"line":95,"column":26}},"loc":{"start":{"line":95,"column":51},"end":{"line":108,"column":1}},"line":95}},"branchMap":{"0":{"loc":{"start":{"line":7,"column":8},"end":{"line":9,"column":5}},"type":"if","locations":[{"start":{"line":7,"column":8},"end":{"line":9,"column":5}},{"start":{"line":7,"column":8},"end":{"line":9,"column":5}}],"line":7},"1":{"loc":{"start":{"line":20,"column":8},"end":{"line":22,"column":9}},"type":"if","locations":[{"start":{"line":20,"column":8},"end":{"line":22,"column":9}},{"start":{"line":20,"column":8},"end":{"line":22,"column":9}}],"line":20},"2":{"loc":{"start":{"line":35,"column":8},"end":{"line":37,"column":9}},"type":"if","locations":[{"start":{"line":35,"column":8},"end":{"line":37,"column":9}},{"start":{"line":35,"column":8},"end":{"line":37,"column":9}}],"line":35},"3":{"loc":{"start":{"line":52,"column":8},"end":{"line":58,"column":9}},"type":"if","locations":[{"start":{"line":52,"column":8},"end":{"line":58,"column":9}},{"start":{"line":52,"column":8},"end":{"line":58,"column":9}}],"line":52},"4":{"loc":{"start":{"line":53,"column":12},"end":{"line":55,"column":13}},"type":"if","locations":[{"start":{"line":53,"column":12},"end":{"line":55,"column":13}},{"start":{"line":53,"column":12},"end":{"line":55,"column":13}}],"line":53},"5":{"loc":{"start":{"line":72,"column":4},"end":{"line":74,"column":9}},"type":"if","locations":[{"start":{"line":72,"column":4},"end":{"line":74,"column":9}},{"start":{"line":72,"column":4},"end":{"line":74,"column":9}}],"line":72},"6":{"loc":{"start":{"line":85,"column":8},"end":{"line":87,"column":9}},"type":"if","locations":[{"start":{"line":85,"column":8},"end":{"line":87,"column":9}},{"start":{"line":85,"column":8},"end":{"line":87,"column":9}}],"line":85},"7":{"loc":{"start":{"line":100,"column":8},"end":{"line":102,"column":9}},"type":"if","locations":[{"start":{"line":100,"column":8},"end":{"line":102,"column":9}},{"start":{"line":100,"column":8},"end":{"line":102,"column":9}}],"line":100}},"s":{"0":1,"1":1,"2":0,"3":0,"4":0,"5":0,"6":0,"7":0,"8":0,"9":1,"10":0,"11":0,"12":0,"13":0,"14":0,"15":0,"16":0,"17":1,"18":0,"19":0,"20":0,"21":0,"22":0,"23":0,"24":0,"25":1,"26":0,"27":0,"28":0,"29":0,"30":0,"31":0,"32":0,"33":0,"34":0,"35":1,"36":0,"37":0,"38":0,"39":0,"40":0,"41":0,"42":0,"43":1,"44":0,"45":0,"46":0,"47":0,"48":0,"49":0,"50":0,"51":1,"52":0,"53":0,"54":0,"55":0,"56":0,"57":0,"58":0,"59":1},"f":{"0":0,"1":0,"2":0,"3":0,"4":0,"5":0,"6":0},"b":{"0":[0,0],"1":[0,0],"2":[0,0],"3":[0,0],"4":[0,0],"5":[0,0],"6":[0,0],"7":[0,0]},"_coverageSchema":"1a1c01bbd47fc00a2c39e90264f33305004495a9","hash":"3b13be662d5a4276a25275121fd705f288dd45ed"}
,"B:\\GitHubHW\\nodejs-homework-template\\routes\\controllers\\userControll.js": {"path":"B:\\GitHubHW\\nodejs-homework-template\\routes\\controllers\\userControll.js","statementMap":{"0":{"start":{"line":2,"column":14},"end":{"line":2,"column":49}},"1":{"start":{"line":3,"column":21},"end":{"line":3,"column":56}},"2":{"start":{"line":4,"column":12},"end":{"line":4,"column":35}},"3":{"start":{"line":5,"column":0},"end":{"line":5,"column":27}},"4":{"start":{"line":6,"column":16},"end":{"line":6,"column":35}},"5":{"start":{"line":9,"column":11},"end":{"line":9,"column":33}},"6":{"start":{"line":11,"column":25},"end":{"line":11,"column":61}},"7":{"start":{"line":15,"column":15},"end":{"line":27,"column":1}},"8":{"start":{"line":16,"column":4},"end":{"line":26,"column":3}},"9":{"start":{"line":17,"column":21},"end":{"line":17,"column":64}},"10":{"start":{"line":18,"column":4},"end":{"line":20,"column":9}},"11":{"start":{"line":19,"column":6},"end":{"line":19,"column":119}},"12":{"start":{"line":21,"column":53},"end":{"line":21,"column":85}},"13":{"start":{"line":22,"column":8},"end":{"line":22,"column":131}},"14":{"start":{"line":25,"column":4},"end":{"line":25,"column":15}},"15":{"start":{"line":29,"column":14},"end":{"line":48,"column":1}},"16":{"start":{"line":30,"column":4},"end":{"line":47,"column":3}},"17":{"start":{"line":31,"column":21},"end":{"line":31,"column":64}},"18":{"start":{"line":32,"column":30},"end":{"line":32,"column":76}},"19":{"start":{"line":34,"column":4},"end":{"line":37,"column":7}},"20":{"start":{"line":35,"column":8},"end":{"line":36,"column":103}},"21":{"start":{"line":38,"column":19},"end":{"line":38,"column":26}},"22":{"start":{"line":39,"column":24},"end":{"line":39,"column":28}},"23":{"start":{"line":40,"column":22},"end":{"line":40,"column":69}},"24":{"start":{"line":41,"column":8},"end":{"line":41,"column":43}},"25":{"start":{"line":42,"column":38},"end":{"line":42,"column":52}},"26":{"start":{"line":43,"column":8},"end":{"line":43,"column":113}},"27":{"start":{"line":46,"column":4},"end":{"line":46,"column":15}},"28":{"start":{"line":50,"column":15},"end":{"line":58,"column":1}},"29":{"start":{"line":51,"column":2},"end":{"line":57,"column":3}},"30":{"start":{"line":52,"column":17},"end":{"line":52,"column":35}},"31":{"start":{"line":53,"column":6},"end":{"line":53,"column":40}},"32":{"start":{"line":54,"column":6},"end":{"line":54,"column":55}},"33":{"start":{"line":56,"column":4},"end":{"line":56,"column":15}},"34":{"start":{"line":60,"column":20},"end":{"line":72,"column":1}},"35":{"start":{"line":61,"column":2},"end":{"line":71,"column":3}},"36":{"start":{"line":62,"column":18},"end":{"line":62,"column":63}},"37":{"start":{"line":63,"column":36},"end":{"line":63,"column":70}},"38":{"start":{"line":64,"column":7},"end":{"line":66,"column":5}},"39":{"start":{"line":65,"column":6},"end":{"line":65,"column":90}},"40":{"start":{"line":67,"column":4},"end":{"line":67,"column":109}},"41":{"start":{"line":70,"column":4},"end":{"line":70,"column":15}},"42":{"start":{"line":74,"column":30},"end":{"line":87,"column":1}},"43":{"start":{"line":76,"column":7},"end":{"line":86,"column":5}},"44":{"start":{"line":77,"column":23},"end":{"line":77,"column":41}},"45":{"start":{"line":78,"column":21},"end":{"line":78,"column":70}},"46":{"start":{"line":79,"column":8},"end":{"line":81,"column":9}},"47":{"start":{"line":80,"column":12},"end":{"line":80,"column":82}},"48":{"start":{"line":82,"column":8},"end":{"line":82,"column":105}},"49":{"start":{"line":85,"column":8},"end":{"line":85,"column":19}},"50":{"start":{"line":111,"column":16},"end":{"line":125,"column":1}},"51":{"start":{"line":112,"column":0},"end":{"line":124,"column":1}},"52":{"start":{"line":113,"column":13},"end":{"line":113,"column":31}},"53":{"start":{"line":114,"column":20},"end":{"line":114,"column":42}},"54":{"start":{"line":115,"column":39},"end":{"line":118,"column":3}},"55":{"start":{"line":119,"column":2},"end":{"line":119,"column":33}},"56":{"start":{"line":120,"column":2},"end":{"line":120,"column":57}},"57":{"start":{"line":121,"column":2},"end":{"line":121,"column":97}},"58":{"start":{"line":123,"column":2},"end":{"line":123,"column":13}},"59":{"start":{"line":127,"column":0},"end":{"line":134,"column":2}}},"fnMap":{"0":{"name":"(anonymous_0)","decl":{"start":{"line":15,"column":15},"end":{"line":15,"column":16}},"loc":{"start":{"line":15,"column":41},"end":{"line":27,"column":1}},"line":15},"1":{"name":"(anonymous_1)","decl":{"start":{"line":29,"column":14},"end":{"line":29,"column":15}},"loc":{"start":{"line":29,"column":40},"end":{"line":48,"column":1}},"line":29},"2":{"name":"(anonymous_2)","decl":{"start":{"line":50,"column":15},"end":{"line":50,"column":16}},"loc":{"start":{"line":50,"column":41},"end":{"line":58,"column":1}},"line":50},"3":{"name":"(anonymous_3)","decl":{"start":{"line":60,"column":20},"end":{"line":60,"column":21}},"loc":{"start":{"line":60,"column":46},"end":{"line":72,"column":1}},"line":60},"4":{"name":"(anonymous_4)","decl":{"start":{"line":74,"column":30},"end":{"line":74,"column":31}},"loc":{"start":{"line":74,"column":56},"end":{"line":87,"column":1}},"line":74},"5":{"name":"(anonymous_5)","decl":{"start":{"line":111,"column":16},"end":{"line":111,"column":17}},"loc":{"start":{"line":111,"column":42},"end":{"line":125,"column":1}},"line":111}},"branchMap":{"0":{"loc":{"start":{"line":18,"column":4},"end":{"line":20,"column":9}},"type":"if","locations":[{"start":{"line":18,"column":4},"end":{"line":20,"column":9}},{"start":{"line":18,"column":4},"end":{"line":20,"column":9}}],"line":18},"1":{"loc":{"start":{"line":34,"column":4},"end":{"line":37,"column":7}},"type":"if","locations":[{"start":{"line":34,"column":4},"end":{"line":37,"column":7}},{"start":{"line":34,"column":4},"end":{"line":37,"column":7}}],"line":34},"2":{"loc":{"start":{"line":34,"column":8},"end":{"line":34,"column":33}},"type":"binary-expr","locations":[{"start":{"line":34,"column":8},"end":{"line":34,"column":13}},{"start":{"line":34,"column":17},"end":{"line":34,"column":33}}],"line":34},"3":{"loc":{"start":{"line":64,"column":7},"end":{"line":66,"column":5}},"type":"if","locations":[{"start":{"line":64,"column":7},"end":{"line":66,"column":5}},{"start":{"line":64,"column":7},"end":{"line":66,"column":5}}],"line":64},"4":{"loc":{"start":{"line":64,"column":12},"end":{"line":64,"column":33}},"type":"binary-expr","locations":[{"start":{"line":64,"column":12},"end":{"line":64,"column":17}},{"start":{"line":64,"column":21},"end":{"line":64,"column":33}}],"line":64},"5":{"loc":{"start":{"line":79,"column":8},"end":{"line":81,"column":9}},"type":"if","locations":[{"start":{"line":79,"column":8},"end":{"line":81,"column":9}},{"start":{"line":79,"column":8},"end":{"line":81,"column":9}}],"line":79}},"s":{"0":1,"1":1,"2":1,"3":1,"4":1,"5":1,"6":1,"7":1,"8":0,"9":0,"10":0,"11":0,"12":0,"13":0,"14":0,"15":1,"16":0,"17":0,"18":0,"19":0,"20":0,"21":0,"22":0,"23":0,"24":0,"25":0,"26":0,"27":0,"28":1,"29":0,"30":0,"31":0,"32":0,"33":0,"34":1,"35":0,"36":0,"37":0,"38":0,"39":0,"40":0,"41":0,"42":1,"43":0,"44":0,"45":0,"46":0,"47":0,"48":0,"49":0,"50":1,"51":0,"52":0,"53":0,"54":0,"55":0,"56":0,"57":0,"58":0,"59":1},"f":{"0":0,"1":0,"2":0,"3":0,"4":0,"5":0},"b":{"0":[0,0],"1":[0,0],"2":[0,0],"3":[0,0],"4":[0,0],"5":[0,0]},"_coverageSchema":"1a1c01bbd47fc00a2c39e90264f33305004495a9","hash":"6a2ca38f35c836a9b81350f8b3bbca245bd70bb1"}
,"B:\\GitHubHW\\nodejs-homework-template\\routes\\schema\\contactsSchema.js": {"path":"B:\\GitHubHW\\nodejs-homework-template\\routes\\schema\\contactsSchema.js","statementMap":{"0":{"start":{"line":1,"column":12},"end":{"line":1,"column":26}},"1":{"start":{"line":3,"column":22},"end":{"line":8,"column":9}},"2":{"start":{"line":10,"column":34},"end":{"line":12,"column":2}},"3":{"start":{"line":14,"column":0},"end":{"line":14,"column":60}}},"fnMap":{},"branchMap":{},"s":{"0":1,"1":1,"2":1,"3":1},"f":{},"b":{},"_coverageSchema":"1a1c01bbd47fc00a2c39e90264f33305004495a9","hash":"f7f2ae8a4f2d7a6f63fcc881fd605da6a804ed90"}
,"B:\\GitHubHW\\nodejs-homework-template\\routes\\schema\\userSchema.js": {"path":"B:\\GitHubHW\\nodejs-homework-template\\routes\\schema\\userSchema.js","statementMap":{"0":{"start":{"line":1,"column":12},"end":{"line":1,"column":26}},"1":{"start":{"line":3,"column":22},"end":{"line":8,"column":9}},"2":{"start":{"line":10,"column":0},"end":{"line":10,"column":31}}},"fnMap":{},"branchMap":{},"s":{"0":1,"1":1,"2":1},"f":{},"b":{},"_coverageSchema":"1a1c01bbd47fc00a2c39e90264f33305004495a9","hash":"d3dc33b4bb3019a263df218caad43eb554c3e64a"}
,"B:\\GitHubHW\\nodejs-homework-template\\routes\\validation\\validation.js": {"path":"B:\\GitHubHW\\nodejs-homework-template\\routes\\validation\\validation.js","statementMap":{"0":{"start":{"line":1,"column":19},"end":{"line":14,"column":1}},"1":{"start":{"line":2,"column":4},"end":{"line":13,"column":5}},"2":{"start":{"line":3,"column":24},"end":{"line":3,"column":49}},"3":{"start":{"line":4,"column":8},"end":{"line":11,"column":9}},"4":{"start":{"line":5,"column":12},"end":{"line":9,"column":15}},"5":{"start":{"line":10,"column":12},"end":{"line":10,"column":19}},"6":{"start":{"line":12,"column":8},"end":{"line":12,"column":15}},"7":{"start":{"line":16,"column":0},"end":{"line":16,"column":28}}},"fnMap":{"0":{"name":"(anonymous_0)","decl":{"start":{"line":1,"column":19},"end":{"line":1,"column":20}},"loc":{"start":{"line":1,"column":31},"end":{"line":14,"column":1}},"line":1},"1":{"name":"(anonymous_1)","decl":{"start":{"line":2,"column":11},"end":{"line":2,"column":12}},"loc":{"start":{"line":2,"column":35},"end":{"line":13,"column":5}},"line":2}},"branchMap":{"0":{"loc":{"start":{"line":4,"column":8},"end":{"line":11,"column":9}},"type":"if","locations":[{"start":{"line":4,"column":8},"end":{"line":11,"column":9}},{"start":{"line":4,"column":8},"end":{"line":11,"column":9}}],"line":4}},"s":{"0":1,"1":5,"2":0,"3":0,"4":0,"5":0,"6":0,"7":1},"f":{"0":5,"1":0},"b":{"0":[0,0]},"_coverageSchema":"1a1c01bbd47fc00a2c39e90264f33305004495a9","hash":"224b7df159274093ba689361ac2ca5a6269abef7"}
,"B:\\GitHubHW\\nodejs-homework-template\\service\\cloudUpload.js": {"path":"B:\\GitHubHW\\nodejs-homework-template\\service\\cloudUpload.js","statementMap":{"0":{"start":{"line":1,"column":19},"end":{"line":1,"column":43}},"1":{"start":{"line":2,"column":22},"end":{"line":2,"column":37}},"2":{"start":{"line":3,"column":0},"end":{"line":3,"column":27}},"3":{"start":{"line":4,"column":19},"end":{"line":4,"column":41}},"4":{"start":{"line":5,"column":22},"end":{"line":5,"column":47}},"5":{"start":{"line":6,"column":25},"end":{"line":6,"column":53}},"6":{"start":{"line":8,"column":0},"end":{"line":12,"column":3}},"7":{"start":{"line":14,"column":20},"end":{"line":14,"column":57}},"8":{"start":{"line":18,"column":69},"end":{"line":22,"column":10}},"9":{"start":{"line":23,"column":8},"end":{"line":23,"column":42}},"10":{"start":{"line":27,"column":0},"end":{"line":27,"column":34}}},"fnMap":{"0":{"name":"(anonymous_0)","decl":{"start":{"line":17,"column":4},"end":{"line":17,"column":5}},"loc":{"start":{"line":17,"column":47},"end":{"line":24,"column":5}},"line":17}},"branchMap":{},"s":{"0":1,"1":1,"2":1,"3":1,"4":1,"5":1,"6":1,"7":1,"8":0,"9":0,"10":1},"f":{"0":0},"b":{},"_coverageSchema":"1a1c01bbd47fc00a2c39e90264f33305004495a9","hash":"0fc0c902529fb636ad9dc9f5e34badd87d9ae78d"}
,"B:\\GitHubHW\\nodejs-homework-template\\test\\data\\data.js": {"path":"B:\\GitHubHW\\nodejs-homework-template\\test\\data\\data.js","statementMap":{"0":{"start":{"line":7,"column":20},"end":{"line":11,"column":1}},"1":{"start":{"line":13,"column":0},"end":{"line":13,"column":29}}},"fnMap":{},"branchMap":{},"s":{"0":1,"1":1},"f":{},"b":{},"_coverageSchema":"1a1c01bbd47fc00a2c39e90264f33305004495a9","hash":"a71ae63802cf8e7b7c2324ac7d24679490331519"}
}
